Namespace(batchSize=100, dataset='diginetica', epoch=20, hiddenSize=100, l2=1e-05, lr=0.001, lr_dc=0.1, lr_dc_step=10, n_layers=2, nonhybrid=False, patience=3, seed=3407, step=1, valid_portion=0.1, validation=False)
Namespace(batchSize=100, dataset='diginetica', epoch=20, hiddenSize=100, l2=1e-05, lr=0.001, lr_dc=0.1, lr_dc_step=10, n_layers=2, nonhybrid=False, patience=3, seed=3407, step=1, valid_portion=0.1, validation=False)
-------------------------------------------------------
epoch: 0
start training: 2024-12-09 16:16:37.275347
[0/7195] Classification Loss: 11.6256, Contrast Loss: 22.6316, R-Drop Loss: 0.0000
[1440/7195] Classification Loss: 8.5565, Contrast Loss: 11.0698, R-Drop Loss: 0.0000
[2880/7195] Classification Loss: 6.9873, Contrast Loss: 12.7329, R-Drop Loss: 0.0000
[4320/7195] Classification Loss: 5.9191, Contrast Loss: 13.1442, R-Drop Loss: 0.0000
[5760/7195] Classification Loss: 5.8081, Contrast Loss: 11.4939, R-Drop Loss: 0.0000
	Total Classification Loss:	51218.930, Total Contrast Loss:	14110.518, Contrast Loss Weight:	0.000
start predicting: 2024-12-09 16:35:21.050640
Best Result:
	Recall@20:	48.1514	MMR@20:	17.5660	Epoch:	0,	0
---filling memory bank---
-------------------------------------------------------
epoch: 1
start training: 2024-12-09 16:47:58.872148
[0/7195] Classification Loss: 4.8793, Contrast Loss: 11.8776, R-Drop Loss: 0.0000
[1440/7195] Classification Loss: 5.3591, Contrast Loss: 6.8962, R-Drop Loss: 0.0000
[2880/7195] Classification Loss: 4.8710, Contrast Loss: 4.9113, R-Drop Loss: 0.0000
[4320/7195] Classification Loss: 4.7645, Contrast Loss: 4.1423, R-Drop Loss: 0.0000
[5760/7195] Classification Loss: 5.3433, Contrast Loss: 2.9994, R-Drop Loss: 0.0000
	Total Classification Loss:	44380.078, Total Contrast Loss:	11296.975, Contrast Loss Weight:	0.200
start predicting: 2024-12-09 17:05:00.464026
Best Result:
	Recall@20:	51.0615	MMR@20:	18.2695	Epoch:	1,	1
---filling memory bank---
-------------------------------------------------------
epoch: 2
start training: 2024-12-09 17:18:15.144825
[0/7195] Classification Loss: 4.5966, Contrast Loss: 1.8845, R-Drop Loss: 0.0000
[1440/7195] Classification Loss: 5.1431, Contrast Loss: 1.8270, R-Drop Loss: 0.0000
[2880/7195] Classification Loss: 4.8990, Contrast Loss: 1.8439, R-Drop Loss: 0.0000
[4320/7195] Classification Loss: 4.8601, Contrast Loss: 1.9000, R-Drop Loss: 0.0000
[5760/7195] Classification Loss: 4.9313, Contrast Loss: 1.8490, R-Drop Loss: 0.0000
	Total Classification Loss:	37811.625, Total Contrast Loss:	6228.145, Contrast Loss Weight:	0.200
start predicting: 2024-12-09 17:35:11.383487
Best Result:
	Recall@20:	51.7993	MMR@20:	18.4658	Epoch:	2,	2
---filling memory bank---
-------------------------------------------------------
epoch: 3
start training: 2024-12-09 17:48:22.739791
[0/7195] Classification Loss: 4.2666, Contrast Loss: 1.8636, R-Drop Loss: 0.0000
[1440/7195] Classification Loss: 4.7318, Contrast Loss: 1.8542, R-Drop Loss: 0.0000
[2880/7195] Classification Loss: 4.6834, Contrast Loss: 1.8339, R-Drop Loss: 0.0000
[4320/7195] Classification Loss: 4.3938, Contrast Loss: 1.8674, R-Drop Loss: 0.0000
[5760/7195] Classification Loss: 4.6687, Contrast Loss: 1.8670, R-Drop Loss: 0.0000
	Total Classification Loss:	36562.629, Total Contrast Loss:	7783.780, Contrast Loss Weight:	0.200
start predicting: 2024-12-09 18:04:32.947102
Best Result:
	Recall@20:	51.9915	MMR@20:	18.6058	Epoch:	3,	3
---filling memory bank---
-------------------------------------------------------
epoch: 4
start training: 2024-12-09 18:17:39.629959
[0/7195] Classification Loss: 4.7636, Contrast Loss: 1.8595, R-Drop Loss: 0.0000
[1440/7195] Classification Loss: 4.4284, Contrast Loss: 1.8766, R-Drop Loss: 0.0000
[2880/7195] Classification Loss: 4.6278, Contrast Loss: 1.8691, R-Drop Loss: 0.0000
[4320/7195] Classification Loss: 4.7251, Contrast Loss: 1.8718, R-Drop Loss: 0.0000
[5760/7195] Classification Loss: 4.6852, Contrast Loss: 1.8748, R-Drop Loss: 0.0000
	Total Classification Loss:	35687.043, Total Contrast Loss:	9186.005, Contrast Loss Weight:	0.200
start predicting: 2024-12-09 18:34:36.407457
Best Result:
	Recall@20:	52.1000	MMR@20:	18.6288	Epoch:	4,	4
---filling memory bank---
-------------------------------------------------------
epoch: 5
start training: 2024-12-09 18:47:46.807346
[0/7195] Classification Loss: 4.3251, Contrast Loss: 1.8644, R-Drop Loss: 0.0000
[1440/7195] Classification Loss: 4.5307, Contrast Loss: 1.8286, R-Drop Loss: 0.0000
[2880/7195] Classification Loss: 4.5391, Contrast Loss: 1.8655, R-Drop Loss: 0.0000
[4320/7195] Classification Loss: 4.1687, Contrast Loss: 1.8747, R-Drop Loss: 0.0000
[5760/7195] Classification Loss: 4.3154, Contrast Loss: 1.9346, R-Drop Loss: 0.0000
	Total Classification Loss:	34985.906, Total Contrast Loss:	10317.311, Contrast Loss Weight:	0.200
start predicting: 2024-12-09 19:05:18.932801
Best Result:
	Recall@20:	52.2873	MMR@20:	18.6288	Epoch:	5,	4
---filling memory bank---
-------------------------------------------------------
epoch: 6
start training: 2024-12-09 19:17:49.069382
[0/7195] Classification Loss: 4.1543, Contrast Loss: 1.9111, R-Drop Loss: 0.0000
[1440/7195] Classification Loss: 4.4790, Contrast Loss: 1.9088, R-Drop Loss: 0.0000
[2880/7195] Classification Loss: 4.6069, Contrast Loss: 1.8885, R-Drop Loss: 0.0000
[4320/7195] Classification Loss: 4.3200, Contrast Loss: 1.9247, R-Drop Loss: 0.0000
[5760/7195] Classification Loss: 4.5262, Contrast Loss: 1.8874, R-Drop Loss: 0.0000
	Total Classification Loss:	34418.523, Total Contrast Loss:	11203.232, Contrast Loss Weight:	0.200
start predicting: 2024-12-09 19:34:33.831606
Best Result:
	Recall@20:	52.2873	MMR@20:	18.6288	Epoch:	5,	4
---filling memory bank---
-------------------------------------------------------
epoch: 7
start training: 2024-12-09 19:41:43.152865
[0/7195] Classification Loss: 4.0491, Contrast Loss: 1.9728, R-Drop Loss: 0.0000
[1440/7195] Classification Loss: 4.1688, Contrast Loss: 1.9189, R-Drop Loss: 0.0000
[2880/7195] Classification Loss: 4.4752, Contrast Loss: 1.8878, R-Drop Loss: 0.0000
[4320/7195] Classification Loss: 4.2045, Contrast Loss: 1.8966, R-Drop Loss: 0.0000
[5760/7195] Classification Loss: 4.6814, Contrast Loss: 1.9178, R-Drop Loss: 0.0000
	Total Classification Loss:	33991.188, Total Contrast Loss:	11969.447, Contrast Loss Weight:	0.200
start predicting: 2024-12-09 19:54:48.536295
Best Result:
	Recall@20:	52.2873	MMR@20:	18.6288	Epoch:	5,	4
---filling memory bank---
-------------------------------------------------------
epoch: 8
start training: 2024-12-09 20:01:49.741224
[0/7195] Classification Loss: 4.0884, Contrast Loss: 1.8938, R-Drop Loss: 0.0000
[1440/7195] Classification Loss: 4.0995, Contrast Loss: 1.9116, R-Drop Loss: 0.0000
[2880/7195] Classification Loss: 4.1347, Contrast Loss: 1.8993, R-Drop Loss: 0.0000
[4320/7195] Classification Loss: 4.6714, Contrast Loss: 1.9471, R-Drop Loss: 0.0000
[5760/7195] Classification Loss: 4.5822, Contrast Loss: 1.8989, R-Drop Loss: 0.0000
	Total Classification Loss:	33617.797, Total Contrast Loss:	12501.466, Contrast Loss Weight:	0.200
start predicting: 2024-12-09 20:14:59.072184
Best Result:
	Recall@20:	52.2873	MMR@20:	18.6288	Epoch:	5,	4
-------------------------------------------------------
Run time: 14325.027615 s
