Namespace(batchSize=512, dataset='diginetica', epoch=20, hiddenSize=100, l2=1e-05, lr=0.001, lr_dc=0.1, lr_dc_step=6, n_layers=2, nonhybrid=False, patience=3, seed=3407, step=1, valid_portion=0.1, validation=False)
Namespace(batchSize=512, dataset='diginetica', epoch=20, hiddenSize=100, l2=1e-05, lr=0.001, lr_dc=0.1, lr_dc_step=6, n_layers=2, nonhybrid=False, patience=3, seed=3407, step=1, valid_portion=0.1, validation=False)
-------------------------------------------------------
epoch: 0
start training: 2024-12-09 02:16:00.610196
[0/1406] Classification Loss: 11.5705, Contrast Loss: 22.5001, R-Drop Loss: 0.0000
[282/1406] Classification Loss: 9.5472, Contrast Loss: 11.0977, R-Drop Loss: 0.0000
[564/1406] Classification Loss: 8.3288, Contrast Loss: 13.1748, R-Drop Loss: 0.0000
[846/1406] Classification Loss: 7.0937, Contrast Loss: 12.5164, R-Drop Loss: 0.0000
[1128/1406] Classification Loss: 6.7077, Contrast Loss: 11.6486, R-Drop Loss: 0.0000
	Total Classification Loss:	11305.508, Total Contrast Loss:	2937.057, Contrast Loss Weight:	0.000
start predicting: 2024-12-09 02:26:12.884143
Best Result:
	Recall@20:	46.1648	MMR@20:	17.5743	Epoch:	0,	0
---filling memory bank---
-------------------------------------------------------
epoch: 1
start training: 2024-12-09 02:34:38.588953
[0/1406] Classification Loss: 5.7288, Contrast Loss: 11.7431, R-Drop Loss: 0.0000
[282/1406] Classification Loss: 5.5299, Contrast Loss: 7.5326, R-Drop Loss: 0.0000
[564/1406] Classification Loss: 5.4163, Contrast Loss: 6.1284, R-Drop Loss: 0.0000
[846/1406] Classification Loss: 5.3026, Contrast Loss: 4.8245, R-Drop Loss: 0.0000
[1128/1406] Classification Loss: 5.2860, Contrast Loss: 3.3910, R-Drop Loss: 0.0000
	Total Classification Loss:	9195.615, Total Contrast Loss:	2497.824, Contrast Loss Weight:	0.200
start predicting: 2024-12-09 02:47:57.736789
Best Result:
	Recall@20:	51.0253	MMR@20:	18.3233	Epoch:	1,	1
---filling memory bank---
-------------------------------------------------------
epoch: 2
start training: 2024-12-09 02:58:22.458683
[0/1406] Classification Loss: 4.7854, Contrast Loss: 1.9224, R-Drop Loss: 0.0000
[282/1406] Classification Loss: 4.9002, Contrast Loss: 1.8829, R-Drop Loss: 0.0000
[564/1406] Classification Loss: 4.8928, Contrast Loss: 1.9150, R-Drop Loss: 0.0000
[846/1406] Classification Loss: 4.9602, Contrast Loss: 1.9148, R-Drop Loss: 0.0000
[1128/1406] Classification Loss: 4.8686, Contrast Loss: 1.8950, R-Drop Loss: 0.0000
	Total Classification Loss:	7401.860, Total Contrast Loss:	1239.668, Contrast Loss Weight:	0.200
start predicting: 2024-12-09 03:11:22.865317
Best Result:
	Recall@20:	52.5042	MMR@20:	18.6048	Epoch:	2,	2
---filling memory bank---
-------------------------------------------------------
epoch: 3
start training: 2024-12-09 03:22:49.568837
[0/1406] Classification Loss: 4.4370, Contrast Loss: 1.8713, R-Drop Loss: 0.0000
[282/1406] Classification Loss: 4.6192, Contrast Loss: 1.8605, R-Drop Loss: 0.0000
[564/1406] Classification Loss: 4.7025, Contrast Loss: 1.8527, R-Drop Loss: 0.0000
[846/1406] Classification Loss: 4.8502, Contrast Loss: 1.8597, R-Drop Loss: 0.0000
[1128/1406] Classification Loss: 4.7519, Contrast Loss: 1.8568, R-Drop Loss: 0.0000
	Total Classification Loss:	7124.018, Total Contrast Loss:	1518.760, Contrast Loss Weight:	0.200
start predicting: 2024-12-09 03:43:41.948946
Best Result:
	Recall@20:	52.8969	MMR@20:	18.8502	Epoch:	3,	3
---filling memory bank---
-------------------------------------------------------
epoch: 4
start training: 2024-12-09 03:55:21.228472
[0/1406] Classification Loss: 4.4300, Contrast Loss: 1.8404, R-Drop Loss: 0.0000
[282/1406] Classification Loss: 4.5161, Contrast Loss: 1.8343, R-Drop Loss: 0.0000
[564/1406] Classification Loss: 4.4559, Contrast Loss: 1.8415, R-Drop Loss: 0.0000
[846/1406] Classification Loss: 4.8214, Contrast Loss: 1.8209, R-Drop Loss: 0.0000
[1128/1406] Classification Loss: 4.7071, Contrast Loss: 1.8293, R-Drop Loss: 0.0000
	Total Classification Loss:	6951.360, Total Contrast Loss:	1755.548, Contrast Loss Weight:	0.200
start predicting: 2024-12-09 04:12:14.613520
Best Result:
	Recall@20:	53.0612	MMR@20:	19.0158	Epoch:	4,	4
---filling memory bank---
-------------------------------------------------------
epoch: 5
start training: 2024-12-09 04:23:55.299518
[0/1406] Classification Loss: 4.4177, Contrast Loss: 1.8428, R-Drop Loss: 0.0000
[282/1406] Classification Loss: 4.0683, Contrast Loss: 1.8265, R-Drop Loss: 0.0000
[564/1406] Classification Loss: 4.2735, Contrast Loss: 1.8323, R-Drop Loss: 0.0000
[846/1406] Classification Loss: 4.4695, Contrast Loss: 1.8315, R-Drop Loss: 0.0000
[1128/1406] Classification Loss: 4.1889, Contrast Loss: 1.8074, R-Drop Loss: 0.0000
	Total Classification Loss:	6505.718, Total Contrast Loss:	1951.471, Contrast Loss Weight:	0.200
start predicting: 2024-12-09 04:37:20.973926
Best Result:
	Recall@20:	53.5197	MMR@20:	19.1987	Epoch:	5,	5
---filling memory bank---
-------------------------------------------------------
epoch: 6
start training: 2024-12-09 04:47:22.084506
[0/1406] Classification Loss: 4.2679, Contrast Loss: 1.8199, R-Drop Loss: 0.0000
[282/1406] Classification Loss: 4.3773, Contrast Loss: 1.8386, R-Drop Loss: 0.0000
[564/1406] Classification Loss: 4.2027, Contrast Loss: 1.8551, R-Drop Loss: 0.0000
[846/1406] Classification Loss: 4.1895, Contrast Loss: 1.8259, R-Drop Loss: 0.0000
[1128/1406] Classification Loss: 4.0574, Contrast Loss: 1.8611, R-Drop Loss: 0.0000
	Total Classification Loss:	6463.519, Total Contrast Loss:	2115.886, Contrast Loss Weight:	0.200
start predicting: 2024-12-09 05:01:04.308119
Best Result:
	Recall@20:	53.6478	MMR@20:	19.2735	Epoch:	6,	6
---filling memory bank---
-------------------------------------------------------
epoch: 7
start training: 2024-12-09 05:10:53.692804
[0/1406] Classification Loss: 4.0030, Contrast Loss: 1.8363, R-Drop Loss: 0.0000
[282/1406] Classification Loss: 4.1431, Contrast Loss: 1.8463, R-Drop Loss: 0.0000
[564/1406] Classification Loss: 4.0415, Contrast Loss: 1.8077, R-Drop Loss: 0.0000
[846/1406] Classification Loss: 4.2700, Contrast Loss: 1.8224, R-Drop Loss: 0.0000
[1128/1406] Classification Loss: 4.1158, Contrast Loss: 1.8313, R-Drop Loss: 0.0000
	Total Classification Loss:	6433.821, Total Contrast Loss:	2244.536, Contrast Loss Weight:	0.200
start predicting: 2024-12-09 05:24:37.620084
Best Result:
	Recall@20:	53.6643	MMR@20:	19.2737	Epoch:	7,	7
---filling memory bank---
-------------------------------------------------------
epoch: 8
start training: 2024-12-09 05:34:10.222814
[0/1406] Classification Loss: 4.1458, Contrast Loss: 1.8727, R-Drop Loss: 0.0000
[282/1406] Classification Loss: 4.1249, Contrast Loss: 1.8584, R-Drop Loss: 0.0000
[564/1406] Classification Loss: 4.2659, Contrast Loss: 1.8459, R-Drop Loss: 0.0000
[846/1406] Classification Loss: 4.1545, Contrast Loss: 1.8378, R-Drop Loss: 0.0000
[1128/1406] Classification Loss: 4.0977, Contrast Loss: 1.8300, R-Drop Loss: 0.0000
	Total Classification Loss:	6417.332, Total Contrast Loss:	2364.406, Contrast Loss Weight:	0.200
start predicting: 2024-12-09 05:47:37.308363
Best Result:
	Recall@20:	53.6906	MMR@20:	19.3258	Epoch:	8,	8
---filling memory bank---
-------------------------------------------------------
epoch: 9
start training: 2024-12-09 05:57:34.433489
[0/1406] Classification Loss: 4.2391, Contrast Loss: 1.8417, R-Drop Loss: 0.0000
[282/1406] Classification Loss: 4.2464, Contrast Loss: 1.8486, R-Drop Loss: 0.0000
[564/1406] Classification Loss: 4.3237, Contrast Loss: 1.8483, R-Drop Loss: 0.0000
[846/1406] Classification Loss: 4.1370, Contrast Loss: 1.8571, R-Drop Loss: 0.0000
[1128/1406] Classification Loss: 4.2382, Contrast Loss: 1.8620, R-Drop Loss: 0.0000
	Total Classification Loss:	6386.327, Total Contrast Loss:	2413.228, Contrast Loss Weight:	0.200
start predicting: 2024-12-09 06:10:35.377874
Best Result:
	Recall@20:	53.6906	MMR@20:	19.3286	Epoch:	8,	9
---filling memory bank---
-------------------------------------------------------
epoch: 10
start training: 2024-12-09 06:20:45.805695
[0/1406] Classification Loss: 4.0898, Contrast Loss: 1.8186, R-Drop Loss: 0.0000
[282/1406] Classification Loss: 4.0968, Contrast Loss: 1.8462, R-Drop Loss: 0.0000
[564/1406] Classification Loss: 4.2517, Contrast Loss: 1.8282, R-Drop Loss: 0.0000
[846/1406] Classification Loss: 4.1436, Contrast Loss: 1.8383, R-Drop Loss: 0.0000
[1128/1406] Classification Loss: 4.2860, Contrast Loss: 1.8356, R-Drop Loss: 0.0000
	Total Classification Loss:	6367.486, Total Contrast Loss:	2461.922, Contrast Loss Weight:	0.200
start predicting: 2024-12-09 06:33:27.345987
Best Result:
	Recall@20:	53.6938	MMR@20:	19.3481	Epoch:	10,	10
---filling memory bank---
-------------------------------------------------------
epoch: 11
start training: 2024-12-09 06:43:57.840418
[0/1406] Classification Loss: 4.0870, Contrast Loss: 1.8550, R-Drop Loss: 0.0000
[282/1406] Classification Loss: 4.1550, Contrast Loss: 1.8269, R-Drop Loss: 0.0000
[564/1406] Classification Loss: 4.0639, Contrast Loss: 1.8365, R-Drop Loss: 0.0000
[846/1406] Classification Loss: 4.1773, Contrast Loss: 1.8463, R-Drop Loss: 0.0000
[1128/1406] Classification Loss: 4.1658, Contrast Loss: 1.8708, R-Drop Loss: 0.0000
	Total Classification Loss:	6307.894, Total Contrast Loss:	2498.202, Contrast Loss Weight:	0.200
start predicting: 2024-12-09 07:00:40.273217
Best Result:
	Recall@20:	53.6938	MMR@20:	19.3494	Epoch:	10,	11
---filling memory bank---
-------------------------------------------------------
epoch: 12
start training: 2024-12-09 07:19:08.122420
[0/1406] Classification Loss: 3.9192, Contrast Loss: 1.8382, R-Drop Loss: 0.0000
[282/1406] Classification Loss: 4.2201, Contrast Loss: 1.8465, R-Drop Loss: 0.0000
[564/1406] Classification Loss: 3.9570, Contrast Loss: 1.8313, R-Drop Loss: 0.0000
[846/1406] Classification Loss: 4.0563, Contrast Loss: 1.8361, R-Drop Loss: 0.0000
[1128/1406] Classification Loss: 4.1498, Contrast Loss: 1.8451, R-Drop Loss: 0.0000
	Total Classification Loss:	6305.943, Total Contrast Loss:	2526.429, Contrast Loss Weight:	0.200
start predicting: 2024-12-09 07:39:55.101992
Best Result:
	Recall@20:	53.6938	MMR@20:	19.3582	Epoch:	10,	12
---filling memory bank---
-------------------------------------------------------
epoch: 13
start training: 2024-12-09 07:56:59.236167
[0/1406] Classification Loss: 4.0504, Contrast Loss: 1.8488, R-Drop Loss: 0.0000
[282/1406] Classification Loss: 4.0532, Contrast Loss: 1.8347, R-Drop Loss: 0.0000
[564/1406] Classification Loss: 4.0487, Contrast Loss: 1.8359, R-Drop Loss: 0.0000
[846/1406] Classification Loss: 4.0632, Contrast Loss: 1.8486, R-Drop Loss: 0.0000
[1128/1406] Classification Loss: 4.0145, Contrast Loss: 1.8334, R-Drop Loss: 0.0000
	Total Classification Loss:	6302.932, Total Contrast Loss:	2547.325, Contrast Loss Weight:	0.200
start predicting: 2024-12-09 08:19:10.181111
Best Result:
	Recall@20:	53.6938	MMR@20:	19.3582	Epoch:	10,	12
---filling memory bank---
