Namespace(batchSize=100, dataset='yoochoose1_64', epoch=20, hiddenSize=100, l2=1e-05, lr=0.001, lr_dc=0.1, lr_dc_step=6, n_layers=2, nonhybrid=False, patience=3, seed=3407, step=1, valid_portion=0.1, validation=False)
Namespace(batchSize=100, dataset='yoochoose1_64', epoch=20, hiddenSize=100, l2=1e-05, lr=0.001, lr_dc=0.1, lr_dc_step=6, n_layers=2, nonhybrid=False, patience=3, seed=3407, step=1, valid_portion=0.1, validation=False)
-------------------------------------------------------
epoch: 0
start training: 2024-12-09 08:37:41.113613
[0/3751] Classification Loss: 11.2556, Contrast Loss: 19.4176, R-Drop Loss: 0.0000
[751/3751] Classification Loss: 6.5082, Contrast Loss: 16.6154, R-Drop Loss: 0.0000
[1502/3751] Classification Loss: 5.6513, Contrast Loss: 16.6535, R-Drop Loss: 0.0000
[2253/3751] Classification Loss: 4.7068, Contrast Loss: 13.7761, R-Drop Loss: 0.0000
[3004/3751] Classification Loss: 4.9453, Contrast Loss: 11.2140, R-Drop Loss: 0.0000
	Total Classification Loss:	20762.711, Total Contrast Loss:	8958.834, Contrast Loss Weight:	0.000
start predicting: 2024-12-09 08:56:42.867366
Best Result:
	Recall@20:	67.8314	MMR@20:	29.2683	Epoch:	0,	0
---filling memory bank---
-------------------------------------------------------
epoch: 1
start training: 2024-12-09 09:11:25.055609
[0/3751] Classification Loss: 4.3345, Contrast Loss: 8.9518, R-Drop Loss: 0.0000
[751/3751] Classification Loss: 4.2582, Contrast Loss: 8.5799, R-Drop Loss: 0.0000
[1502/3751] Classification Loss: 4.8559, Contrast Loss: 7.1432, R-Drop Loss: 0.0000
[2253/3751] Classification Loss: 4.2354, Contrast Loss: 4.9210, R-Drop Loss: 0.0000
[3004/3751] Classification Loss: 4.3366, Contrast Loss: 3.5063, R-Drop Loss: 0.0000
	Total Classification Loss:	21354.773, Total Contrast Loss:	7566.273, Contrast Loss Weight:	0.200
start predicting: 2024-12-09 09:30:04.502253
Best Result:
	Recall@20:	67.8314	MMR@20:	29.2683	Epoch:	0,	0
---filling memory bank---
-------------------------------------------------------
epoch: 2
start training: 2024-12-09 09:45:30.642115
[0/3751] Classification Loss: 4.4731, Contrast Loss: 2.4259, R-Drop Loss: 0.0000
[751/3751] Classification Loss: 4.0531, Contrast Loss: 2.0194, R-Drop Loss: 0.0000
[1502/3751] Classification Loss: 3.6987, Contrast Loss: 2.0120, R-Drop Loss: 0.0000
[2253/3751] Classification Loss: 3.9690, Contrast Loss: 1.9521, R-Drop Loss: 0.0000
[3004/3751] Classification Loss: 4.2882, Contrast Loss: 1.9854, R-Drop Loss: 0.0000
	Total Classification Loss:	17173.324, Total Contrast Loss:	3505.912, Contrast Loss Weight:	0.200
start predicting: 2024-12-09 10:01:10.407965
Best Result:
	Recall@20:	70.7788	MMR@20:	30.2416	Epoch:	2,	2
---filling memory bank---
-------------------------------------------------------
epoch: 3
start training: 2024-12-09 10:12:23.381863
[0/3751] Classification Loss: 3.5903, Contrast Loss: 1.9778, R-Drop Loss: 0.0000
[751/3751] Classification Loss: 4.0564, Contrast Loss: 2.0130, R-Drop Loss: 0.0000
[1502/3751] Classification Loss: 3.6728, Contrast Loss: 1.9540, R-Drop Loss: 0.0000
[2253/3751] Classification Loss: 4.1141, Contrast Loss: 2.1686, R-Drop Loss: 0.0000
[3004/3751] Classification Loss: 4.4252, Contrast Loss: 1.8771, R-Drop Loss: 0.0000
	Total Classification Loss:	16651.254, Total Contrast Loss:	4252.939, Contrast Loss Weight:	0.200
start predicting: 2024-12-09 10:24:55.258782
Best Result:
	Recall@20:	70.9701	MMR@20:	30.5856	Epoch:	3,	3
---filling memory bank---
-------------------------------------------------------
epoch: 4
start training: 2024-12-09 10:35:30.200257
[0/3751] Classification Loss: 3.6057, Contrast Loss: 1.8581, R-Drop Loss: 0.0000
[751/3751] Classification Loss: 3.7065, Contrast Loss: 1.9363, R-Drop Loss: 0.0000
[1502/3751] Classification Loss: 4.1426, Contrast Loss: 1.9263, R-Drop Loss: 0.0000
[2253/3751] Classification Loss: 3.9107, Contrast Loss: 1.9404, R-Drop Loss: 0.0000
[3004/3751] Classification Loss: 3.9467, Contrast Loss: 1.8921, R-Drop Loss: 0.0000
	Total Classification Loss:	16224.242, Total Contrast Loss:	4864.871, Contrast Loss Weight:	0.200
start predicting: 2024-12-09 10:48:17.580365
Best Result:
	Recall@20:	71.2499	MMR@20:	30.6708	Epoch:	4,	4
---filling memory bank---
-------------------------------------------------------
epoch: 5
start training: 2024-12-09 10:58:39.235409
[0/3751] Classification Loss: 3.9942, Contrast Loss: 1.8588, R-Drop Loss: 0.0000
[751/3751] Classification Loss: 3.5284, Contrast Loss: 1.8979, R-Drop Loss: 0.0000
[1502/3751] Classification Loss: 3.8504, Contrast Loss: 1.8463, R-Drop Loss: 0.0000
[2253/3751] Classification Loss: 3.9430, Contrast Loss: 1.8325, R-Drop Loss: 0.0000
[3004/3751] Classification Loss: 3.8614, Contrast Loss: 1.8671, R-Drop Loss: 0.0000
	Total Classification Loss:	15382.803, Total Contrast Loss:	5355.506, Contrast Loss Weight:	0.200
start predicting: 2024-12-09 11:11:34.222404
Best Result:
	Recall@20:	71.6704	MMR@20:	31.0997	Epoch:	5,	5
---filling memory bank---
-------------------------------------------------------
epoch: 6
start training: 2024-12-09 11:21:54.047573
[0/3751] Classification Loss: 3.5217, Contrast Loss: 1.8231, R-Drop Loss: 0.0000
[751/3751] Classification Loss: 3.3488, Contrast Loss: 1.7886, R-Drop Loss: 0.0000
[1502/3751] Classification Loss: 3.7178, Contrast Loss: 1.8700, R-Drop Loss: 0.0000
[2253/3751] Classification Loss: 3.9601, Contrast Loss: 1.8484, R-Drop Loss: 0.0000
[3004/3751] Classification Loss: 3.4363, Contrast Loss: 1.8922, R-Drop Loss: 0.0000
	Total Classification Loss:	15261.825, Total Contrast Loss:	5777.339, Contrast Loss Weight:	0.200
start predicting: 2024-12-09 11:34:31.762877
Best Result:
	Recall@20:	71.7462	MMR@20:	31.1697	Epoch:	6,	6
---filling memory bank---
-------------------------------------------------------
epoch: 7
start training: 2024-12-09 11:45:26.879810
[0/3751] Classification Loss: 3.8846, Contrast Loss: 1.8356, R-Drop Loss: 0.0000
[751/3751] Classification Loss: 3.4589, Contrast Loss: 1.8557, R-Drop Loss: 0.0000
[1502/3751] Classification Loss: 3.9188, Contrast Loss: 2.0465, R-Drop Loss: 0.0000
[2253/3751] Classification Loss: 3.2949, Contrast Loss: 1.8327, R-Drop Loss: 0.0000
[3004/3751] Classification Loss: 3.9245, Contrast Loss: 1.8082, R-Drop Loss: 0.0000
	Total Classification Loss:	15192.694, Total Contrast Loss:	6085.178, Contrast Loss Weight:	0.200
start predicting: 2024-12-09 11:57:45.604618
Best Result:
	Recall@20:	71.7462	MMR@20:	31.1956	Epoch:	6,	7
---filling memory bank---
-------------------------------------------------------
epoch: 8
start training: 2024-12-09 12:08:40.724758
[0/3751] Classification Loss: 3.5852, Contrast Loss: 1.7683, R-Drop Loss: 0.0000
[751/3751] Classification Loss: 3.8129, Contrast Loss: 1.8582, R-Drop Loss: 0.0000
[1502/3751] Classification Loss: 3.7078, Contrast Loss: 1.8537, R-Drop Loss: 0.0000
[2253/3751] Classification Loss: 3.9705, Contrast Loss: 1.8553, R-Drop Loss: 0.0000
[3004/3751] Classification Loss: 3.3774, Contrast Loss: 1.8526, R-Drop Loss: 0.0000
	Total Classification Loss:	15147.949, Total Contrast Loss:	6333.186, Contrast Loss Weight:	0.200
start predicting: 2024-12-09 12:20:48.326924
Best Result:
	Recall@20:	71.7462	MMR@20:	31.1956	Epoch:	6,	7
---filling memory bank---
-------------------------------------------------------
epoch: 9
start training: 2024-12-09 12:31:37.741075
[0/3751] Classification Loss: 3.4277, Contrast Loss: 1.8581, R-Drop Loss: 0.0000
[751/3751] Classification Loss: 3.6212, Contrast Loss: 1.7920, R-Drop Loss: 0.0000
[1502/3751] Classification Loss: 3.6185, Contrast Loss: 1.7947, R-Drop Loss: 0.0000
[2253/3751] Classification Loss: 3.8281, Contrast Loss: 1.8546, R-Drop Loss: 0.0000
[3004/3751] Classification Loss: 3.9811, Contrast Loss: 1.8034, R-Drop Loss: 0.0000
	Total Classification Loss:	15099.103, Total Contrast Loss:	6479.823, Contrast Loss Weight:	0.200
start predicting: 2024-12-09 12:44:03.302857
Best Result:
	Recall@20:	71.7462	MMR@20:	31.2079	Epoch:	6,	9
---filling memory bank---
