Namespace(batchSize=512, dataset='yoochoose1_64', epoch=20, hiddenSize=100, l2=1e-05, lr=0.001, lr_dc=0.1, lr_dc_step=6, n_layers=2, nonhybrid=False, patience=3, seed=3407, step=1, valid_portion=0.1, validation=False)
Namespace(batchSize=512, dataset='yoochoose1_64', epoch=20, hiddenSize=100, l2=1e-05, lr=0.001, lr_dc=0.1, lr_dc_step=6, n_layers=2, nonhybrid=False, patience=3, seed=3407, step=1, valid_portion=0.1, validation=False)
-------------------------------------------------------
epoch: 0
start training: 2024-12-09 02:30:29.022030
[0/733] Classification Loss: 11.4887, Contrast Loss: 18.7609, R-Drop Loss: 0.0000
[147/733] Classification Loss: 6.5869, Contrast Loss: 19.1222, R-Drop Loss: 0.0000
[294/733] Classification Loss: 6.0522, Contrast Loss: 15.5770, R-Drop Loss: 0.0000
[441/733] Classification Loss: 5.7691, Contrast Loss: 12.7486, R-Drop Loss: 0.0000
[588/733] Classification Loss: 5.3265, Contrast Loss: 11.2186, R-Drop Loss: 0.0000
	Total Classification Loss:	4464.866, Total Contrast Loss:	1794.851, Contrast Loss Weight:	0.000
start predicting: 2024-12-09 02:42:29.688402
Best Result:
	Recall@20:	65.0754	MMR@20:	28.4107	Epoch:	0,	0
---filling memory bank---
-------------------------------------------------------
epoch: 1
start training: 2024-12-09 02:51:53.484106
[0/733] Classification Loss: 4.8930, Contrast Loss: 9.7588, R-Drop Loss: 0.0000
[147/733] Classification Loss: 4.9418, Contrast Loss: 11.0229, R-Drop Loss: 0.0000
[294/733] Classification Loss: 4.8763, Contrast Loss: 9.9931, R-Drop Loss: 0.0000
[441/733] Classification Loss: 4.8969, Contrast Loss: 7.3306, R-Drop Loss: 0.0000
[588/733] Classification Loss: 4.7188, Contrast Loss: 5.3697, R-Drop Loss: 0.0000
	Total Classification Loss:	4633.899, Total Contrast Loss:	1919.913, Contrast Loss Weight:	0.200
start predicting: 2024-12-09 03:03:41.541038
Best Result:
	Recall@20:	69.3241	MMR@20:	29.8084	Epoch:	1,	1
---filling memory bank---
-------------------------------------------------------
epoch: 2
start training: 2024-12-09 03:13:01.064779
[0/733] Classification Loss: 4.2157, Contrast Loss: 2.2611, R-Drop Loss: 0.0000
[147/733] Classification Loss: 4.1684, Contrast Loss: 2.2457, R-Drop Loss: 0.0000
[294/733] Classification Loss: 4.3392, Contrast Loss: 2.2013, R-Drop Loss: 0.0000
[441/733] Classification Loss: 4.0937, Contrast Loss: 2.2441, R-Drop Loss: 0.0000
[588/733] Classification Loss: 4.1356, Contrast Loss: 2.2300, R-Drop Loss: 0.0000
	Total Classification Loss:	3453.773, Total Contrast Loss:	755.919, Contrast Loss Weight:	0.200
start predicting: 2024-12-09 03:26:16.642108
Best Result:
	Recall@20:	70.5189	MMR@20:	30.1172	Epoch:	2,	2
---filling memory bank---
-------------------------------------------------------
epoch: 3
start training: 2024-12-09 03:39:36.356211
[0/733] Classification Loss: 4.1234, Contrast Loss: 2.2056, R-Drop Loss: 0.0000
[147/733] Classification Loss: 3.8297, Contrast Loss: 2.1957, R-Drop Loss: 0.0000
[294/733] Classification Loss: 4.1172, Contrast Loss: 2.1814, R-Drop Loss: 0.0000
[441/733] Classification Loss: 4.1391, Contrast Loss: 2.1968, R-Drop Loss: 0.0000
[588/733] Classification Loss: 4.0442, Contrast Loss: 2.1595, R-Drop Loss: 0.0000
	Total Classification Loss:	3308.886, Total Contrast Loss:	922.721, Contrast Loss Weight:	0.200
start predicting: 2024-12-09 03:52:55.655361
Best Result:
	Recall@20:	70.9864	MMR@20:	30.5323	Epoch:	3,	3
---filling memory bank---
-------------------------------------------------------
epoch: 4
start training: 2024-12-09 04:04:39.183088
[0/733] Classification Loss: 3.7656, Contrast Loss: 2.1624, R-Drop Loss: 0.0000
[147/733] Classification Loss: 3.9210, Contrast Loss: 2.1045, R-Drop Loss: 0.0000
[294/733] Classification Loss: 3.8333, Contrast Loss: 2.1036, R-Drop Loss: 0.0000
[441/733] Classification Loss: 4.2097, Contrast Loss: 2.0985, R-Drop Loss: 0.0000
[588/733] Classification Loss: 4.0383, Contrast Loss: 2.0827, R-Drop Loss: 0.0000
	Total Classification Loss:	3218.106, Total Contrast Loss:	1047.895, Contrast Loss Weight:	0.200
start predicting: 2024-12-09 04:19:23.034447
Best Result:
	Recall@20:	71.2607	MMR@20:	30.7795	Epoch:	4,	4
---filling memory bank---
-------------------------------------------------------
epoch: 5
start training: 2024-12-09 04:28:52.795219
[0/733] Classification Loss: 3.8557, Contrast Loss: 2.0593, R-Drop Loss: 0.0000
[147/733] Classification Loss: 3.9354, Contrast Loss: 2.0412, R-Drop Loss: 0.0000
[294/733] Classification Loss: 3.8779, Contrast Loss: 2.0855, R-Drop Loss: 0.0000
[441/733] Classification Loss: 3.7275, Contrast Loss: 2.0406, R-Drop Loss: 0.0000
[588/733] Classification Loss: 4.0163, Contrast Loss: 2.0527, R-Drop Loss: 0.0000
	Total Classification Loss:	3078.580, Total Contrast Loss:	1141.403, Contrast Loss Weight:	0.200
start predicting: 2024-12-09 04:40:42.527626
Best Result:
	Recall@20:	71.5513	MMR@20:	31.0092	Epoch:	5,	5
---filling memory bank---
-------------------------------------------------------
epoch: 6
start training: 2024-12-09 04:50:07.940176
[0/733] Classification Loss: 3.8149, Contrast Loss: 2.0362, R-Drop Loss: 0.0000
[147/733] Classification Loss: 3.6306, Contrast Loss: 2.0402, R-Drop Loss: 0.0000
[294/733] Classification Loss: 3.8381, Contrast Loss: 2.0580, R-Drop Loss: 0.0000
[441/733] Classification Loss: 3.8281, Contrast Loss: 2.0578, R-Drop Loss: 0.0000
[588/733] Classification Loss: 3.9617, Contrast Loss: 2.0510, R-Drop Loss: 0.0000
	Total Classification Loss:	3066.370, Total Contrast Loss:	1234.969, Contrast Loss Weight:	0.200
start predicting: 2024-12-09 05:02:07.068891
Best Result:
	Recall@20:	71.6163	MMR@20:	31.0851	Epoch:	6,	6
---filling memory bank---
-------------------------------------------------------
epoch: 7
start training: 2024-12-09 05:11:27.353870
[0/733] Classification Loss: 3.8453, Contrast Loss: 2.0460, R-Drop Loss: 0.0000
[147/733] Classification Loss: 3.5994, Contrast Loss: 2.0480, R-Drop Loss: 0.0000
[294/733] Classification Loss: 3.7238, Contrast Loss: 2.0356, R-Drop Loss: 0.0000
[441/733] Classification Loss: 3.5263, Contrast Loss: 2.0381, R-Drop Loss: 0.0000
[588/733] Classification Loss: 3.6031, Contrast Loss: 2.0227, R-Drop Loss: 0.0000
	Total Classification Loss:	3054.066, Total Contrast Loss:	1304.459, Contrast Loss Weight:	0.200
start predicting: 2024-12-09 05:23:22.734588
Best Result:
	Recall@20:	71.6686	MMR@20:	31.1023	Epoch:	7,	7
---filling memory bank---
-------------------------------------------------------
epoch: 8
start training: 2024-12-09 05:32:43.698668
[0/733] Classification Loss: 3.8280, Contrast Loss: 2.0386, R-Drop Loss: 0.0000
[147/733] Classification Loss: 3.8221, Contrast Loss: 2.0337, R-Drop Loss: 0.0000
[294/733] Classification Loss: 3.5238, Contrast Loss: 2.0188, R-Drop Loss: 0.0000
[441/733] Classification Loss: 3.7910, Contrast Loss: 2.0328, R-Drop Loss: 0.0000
[588/733] Classification Loss: 3.6533, Contrast Loss: 2.0353, R-Drop Loss: 0.0000
	Total Classification Loss:	3044.601, Total Contrast Loss:	1354.831, Contrast Loss Weight:	0.200
start predicting: 2024-12-09 05:44:30.219819
Best Result:
	Recall@20:	71.6686	MMR@20:	31.1231	Epoch:	7,	8
---filling memory bank---
-------------------------------------------------------
epoch: 9
start training: 2024-12-09 05:53:47.757784
[0/733] Classification Loss: 3.6726, Contrast Loss: 2.0603, R-Drop Loss: 0.0000
[147/733] Classification Loss: 3.7105, Contrast Loss: 2.0334, R-Drop Loss: 0.0000
[294/733] Classification Loss: 3.7570, Contrast Loss: 2.0960, R-Drop Loss: 0.0000
[441/733] Classification Loss: 3.7140, Contrast Loss: 2.0148, R-Drop Loss: 0.0000
[588/733] Classification Loss: 3.8694, Contrast Loss: 2.0385, R-Drop Loss: 0.0000
	Total Classification Loss:	3036.934, Total Contrast Loss:	1395.114, Contrast Loss Weight:	0.200
start predicting: 2024-12-09 06:05:26.403210
Best Result:
	Recall@20:	71.6686	MMR@20:	31.1231	Epoch:	7,	8
---filling memory bank---
-------------------------------------------------------
epoch: 10
start training: 2024-12-09 06:14:44.768525
[0/733] Classification Loss: 3.7450, Contrast Loss: 2.0317, R-Drop Loss: 0.0000
[147/733] Classification Loss: 3.8180, Contrast Loss: 2.0819, R-Drop Loss: 0.0000
[294/733] Classification Loss: 3.7121, Contrast Loss: 2.0664, R-Drop Loss: 0.0000
[441/733] Classification Loss: 3.8925, Contrast Loss: 2.0884, R-Drop Loss: 0.0000
[588/733] Classification Loss: 3.5467, Contrast Loss: 2.0866, R-Drop Loss: 0.0000
	Total Classification Loss:	3051.351, Total Contrast Loss:	1448.475, Contrast Loss Weight:	0.200
start predicting: 2024-12-09 06:26:24.922103
Best Result:
	Recall@20:	71.7101	MMR@20:	31.1354	Epoch:	10,	10
---filling memory bank---
-------------------------------------------------------
epoch: 11
start training: 2024-12-09 06:35:45.758605
[0/733] Classification Loss: 3.6299, Contrast Loss: 2.0924, R-Drop Loss: 0.0000
[147/733] Classification Loss: 3.7337, Contrast Loss: 2.0815, R-Drop Loss: 0.0000
[294/733] Classification Loss: 3.6420, Contrast Loss: 2.0946, R-Drop Loss: 0.0000
[441/733] Classification Loss: 3.6015, Contrast Loss: 2.0637, R-Drop Loss: 0.0000
[588/733] Classification Loss: 3.8425, Contrast Loss: 2.0677, R-Drop Loss: 0.0000
	Total Classification Loss:	3027.146, Total Contrast Loss:	1476.333, Contrast Loss Weight:	0.200
start predicting: 2024-12-09 06:47:23.874300
Best Result:
	Recall@20:	71.7264	MMR@20:	31.1464	Epoch:	11,	11
---filling memory bank---
-------------------------------------------------------
epoch: 12
start training: 2024-12-09 06:59:36.766754
[0/733] Classification Loss: 3.7481, Contrast Loss: 2.0783, R-Drop Loss: 0.0000
[147/733] Classification Loss: 3.7266, Contrast Loss: 2.0657, R-Drop Loss: 0.0000
[294/733] Classification Loss: 3.6770, Contrast Loss: 2.0842, R-Drop Loss: 0.0000
[441/733] Classification Loss: 3.8724, Contrast Loss: 2.0579, R-Drop Loss: 0.0000
[588/733] Classification Loss: 3.4656, Contrast Loss: 2.1277, R-Drop Loss: 0.0000
	Total Classification Loss:	3025.186, Total Contrast Loss:	1487.957, Contrast Loss Weight:	0.200
start predicting: 2024-12-09 07:16:34.055121
Best Result:
	Recall@20:	71.7318	MMR@20:	31.1464	Epoch:	12,	11
---filling memory bank---
-------------------------------------------------------
epoch: 13
start training: 2024-12-09 07:30:14.613134
[0/733] Classification Loss: 3.7165, Contrast Loss: 2.0671, R-Drop Loss: 0.0000
[147/733] Classification Loss: 3.9960, Contrast Loss: 2.0717, R-Drop Loss: 0.0000
[294/733] Classification Loss: 3.7546, Contrast Loss: 2.0570, R-Drop Loss: 0.0000
[441/733] Classification Loss: 3.6668, Contrast Loss: 2.1347, R-Drop Loss: 0.0000
[588/733] Classification Loss: 3.6796, Contrast Loss: 2.0666, R-Drop Loss: 0.0000
	Total Classification Loss:	3022.731, Total Contrast Loss:	1496.246, Contrast Loss Weight:	0.200
start predicting: 2024-12-09 07:47:13.184195
Best Result:
	Recall@20:	71.7318	MMR@20:	31.1464	Epoch:	13,	11
---filling memory bank---
-------------------------------------------------------
epoch: 14
start training: 2024-12-09 08:00:32.831814
[0/733] Classification Loss: 3.7149, Contrast Loss: 2.0603, R-Drop Loss: 0.0000
[147/733] Classification Loss: 3.8870, Contrast Loss: 2.0751, R-Drop Loss: 0.0000
[294/733] Classification Loss: 3.7856, Contrast Loss: 2.0510, R-Drop Loss: 0.0000
[441/733] Classification Loss: 3.6624, Contrast Loss: 2.0794, R-Drop Loss: 0.0000
[588/733] Classification Loss: 3.7640, Contrast Loss: 2.0758, R-Drop Loss: 0.0000
	Total Classification Loss:	3022.001, Total Contrast Loss:	1501.228, Contrast Loss Weight:	0.200
start predicting: 2024-12-09 08:17:30.834195
Best Result:
	Recall@20:	71.7318	MMR@20:	31.1466	Epoch:	13,	14
---filling memory bank---
-------------------------------------------------------
epoch: 15
start training: 2024-12-09 08:30:41.936397
[0/733] Classification Loss: 3.7668, Contrast Loss: 2.0423, R-Drop Loss: 0.0000
