Namespace(batchSize=100, dataset='yoochoose1_64', epoch=20, hiddenSize=100, l2=1e-05, lr=0.001, lr_dc=0.1, lr_dc_step=10, n_layers=2, nonhybrid=False, patience=3, seed=3407, step=1, valid_portion=0.1, validation=False)
Namespace(batchSize=100, dataset='yoochoose1_64', epoch=20, hiddenSize=100, l2=1e-05, lr=0.001, lr_dc=0.1, lr_dc_step=10, n_layers=2, nonhybrid=False, patience=3, seed=3407, step=1, valid_portion=0.1, validation=False)
-------------------------------------------------------
epoch: 0
start training: 2024-12-09 16:18:12.733565
[0/3751] Classification Loss: 11.2556, Contrast Loss: 19.4176, R-Drop Loss: 0.0000
[751/3751] Classification Loss: 6.5082, Contrast Loss: 16.6154, R-Drop Loss: 0.0000
[1502/3751] Classification Loss: 5.6513, Contrast Loss: 16.6535, R-Drop Loss: 0.0000
[2253/3751] Classification Loss: 4.7068, Contrast Loss: 13.7761, R-Drop Loss: 0.0000
[3004/3751] Classification Loss: 4.9453, Contrast Loss: 11.2140, R-Drop Loss: 0.0000
	Total Classification Loss:	20762.711, Total Contrast Loss:	8958.834, Contrast Loss Weight:	0.000
start predicting: 2024-12-09 16:33:39.050440
Best Result:
	Recall@20:	67.8314	MMR@20:	29.2683	Epoch:	0,	0
---filling memory bank---
-------------------------------------------------------
epoch: 1
start training: 2024-12-09 16:45:02.935681
[0/3751] Classification Loss: 4.3345, Contrast Loss: 8.9518, R-Drop Loss: 0.0000
[751/3751] Classification Loss: 4.2582, Contrast Loss: 8.5799, R-Drop Loss: 0.0000
[1502/3751] Classification Loss: 4.8559, Contrast Loss: 7.1432, R-Drop Loss: 0.0000
[2253/3751] Classification Loss: 4.2354, Contrast Loss: 4.9210, R-Drop Loss: 0.0000
[3004/3751] Classification Loss: 4.3366, Contrast Loss: 3.5063, R-Drop Loss: 0.0000
	Total Classification Loss:	21354.773, Total Contrast Loss:	7566.273, Contrast Loss Weight:	0.200
start predicting: 2024-12-09 16:59:47.018800
Best Result:
	Recall@20:	67.8314	MMR@20:	29.2683	Epoch:	0,	0
---filling memory bank---
-------------------------------------------------------
epoch: 2
start training: 2024-12-09 17:11:02.614449
[0/3751] Classification Loss: 4.4731, Contrast Loss: 2.4259, R-Drop Loss: 0.0000
[751/3751] Classification Loss: 4.0531, Contrast Loss: 2.0194, R-Drop Loss: 0.0000
[1502/3751] Classification Loss: 3.6987, Contrast Loss: 2.0120, R-Drop Loss: 0.0000
[2253/3751] Classification Loss: 3.9690, Contrast Loss: 1.9521, R-Drop Loss: 0.0000
[3004/3751] Classification Loss: 4.2882, Contrast Loss: 1.9854, R-Drop Loss: 0.0000
	Total Classification Loss:	17173.324, Total Contrast Loss:	3505.912, Contrast Loss Weight:	0.200
start predicting: 2024-12-09 17:25:05.436536
Best Result:
	Recall@20:	70.7788	MMR@20:	30.2416	Epoch:	2,	2
---filling memory bank---
-------------------------------------------------------
epoch: 3
start training: 2024-12-09 17:36:49.768164
[0/3751] Classification Loss: 3.5903, Contrast Loss: 1.9778, R-Drop Loss: 0.0000
[751/3751] Classification Loss: 4.0564, Contrast Loss: 2.0130, R-Drop Loss: 0.0000
[1502/3751] Classification Loss: 3.6728, Contrast Loss: 1.9540, R-Drop Loss: 0.0000
[2253/3751] Classification Loss: 4.1141, Contrast Loss: 2.1686, R-Drop Loss: 0.0000
[3004/3751] Classification Loss: 4.4252, Contrast Loss: 1.8771, R-Drop Loss: 0.0000
	Total Classification Loss:	16651.254, Total Contrast Loss:	4252.939, Contrast Loss Weight:	0.200
start predicting: 2024-12-09 17:50:35.569933
Best Result:
	Recall@20:	70.9701	MMR@20:	30.5856	Epoch:	3,	3
---filling memory bank---
-------------------------------------------------------
epoch: 4
start training: 2024-12-09 18:02:01.991960
[0/3751] Classification Loss: 3.6057, Contrast Loss: 1.8581, R-Drop Loss: 0.0000
[751/3751] Classification Loss: 3.7065, Contrast Loss: 1.9363, R-Drop Loss: 0.0000
[1502/3751] Classification Loss: 4.1426, Contrast Loss: 1.9263, R-Drop Loss: 0.0000
[2253/3751] Classification Loss: 3.9107, Contrast Loss: 1.9404, R-Drop Loss: 0.0000
[3004/3751] Classification Loss: 3.9467, Contrast Loss: 1.8921, R-Drop Loss: 0.0000
	Total Classification Loss:	16224.242, Total Contrast Loss:	4864.871, Contrast Loss Weight:	0.200
start predicting: 2024-12-09 18:15:32.879374
Best Result:
	Recall@20:	71.2499	MMR@20:	30.6708	Epoch:	4,	4
---filling memory bank---
-------------------------------------------------------
epoch: 5
start training: 2024-12-09 18:27:35.992722
[0/3751] Classification Loss: 3.9942, Contrast Loss: 1.8588, R-Drop Loss: 0.0000
[751/3751] Classification Loss: 3.6600, Contrast Loss: 1.8801, R-Drop Loss: 0.0000
[1502/3751] Classification Loss: 4.0155, Contrast Loss: 1.8626, R-Drop Loss: 0.0000
[2253/3751] Classification Loss: 4.1458, Contrast Loss: 1.8243, R-Drop Loss: 0.0000
[3004/3751] Classification Loss: 4.0123, Contrast Loss: 1.8548, R-Drop Loss: 0.0000
	Total Classification Loss:	15963.699, Total Contrast Loss:	5344.021, Contrast Loss Weight:	0.200
start predicting: 2024-12-09 18:41:22.680361
Best Result:
	Recall@20:	71.2499	MMR@20:	31.1001	Epoch:	4,	5
---filling memory bank---
-------------------------------------------------------
epoch: 6
start training: 2024-12-09 18:52:34.201955
[0/3751] Classification Loss: 3.5523, Contrast Loss: 1.8250, R-Drop Loss: 0.0000
[751/3751] Classification Loss: 3.4214, Contrast Loss: 1.7704, R-Drop Loss: 0.0000
[1502/3751] Classification Loss: 3.8379, Contrast Loss: 1.8497, R-Drop Loss: 0.0000
[2253/3751] Classification Loss: 4.1016, Contrast Loss: 1.8630, R-Drop Loss: 0.0000
[3004/3751] Classification Loss: 3.5884, Contrast Loss: 1.8727, R-Drop Loss: 0.0000
	Total Classification Loss:	15740.730, Total Contrast Loss:	5732.726, Contrast Loss Weight:	0.200
start predicting: 2024-12-09 19:07:13.508053
Best Result:
	Recall@20:	71.2499	MMR@20:	31.1001	Epoch:	4,	5
---filling memory bank---
-------------------------------------------------------
epoch: 7
start training: 2024-12-09 19:18:12.435240
[0/3751] Classification Loss: 3.8614, Contrast Loss: 1.8713, R-Drop Loss: 0.0000
[751/3751] Classification Loss: 3.5278, Contrast Loss: 1.8388, R-Drop Loss: 0.0000
[1502/3751] Classification Loss: 4.0091, Contrast Loss: 2.0457, R-Drop Loss: 0.0000
[2253/3751] Classification Loss: 3.5169, Contrast Loss: 1.8016, R-Drop Loss: 0.0000
[3004/3751] Classification Loss: 4.1506, Contrast Loss: 1.7752, R-Drop Loss: 0.0000
	Total Classification Loss:	15625.306, Total Contrast Loss:	6039.256, Contrast Loss Weight:	0.200
start predicting: 2024-12-09 19:32:25.300228
Best Result:
	Recall@20:	71.2499	MMR@20:	31.1001	Epoch:	4,	5
-------------------------------------------------------
Run time: 11691.793225 s
